2018-04-17 14:12:42,777 [Worker-1] INFO  c.g.t.t.d.PublishedGradleVersions - Gradle version information cache is up-to-date. Trying to read.
2018-04-17 14:17:06,967 [Worker-8] INFO  o.e.m.c.i.l.LifecycleMappingFactory - Using org.maven.ide.eclipse.wtp.WarLifecycleMapping lifecycle mapping for MavenProject: com.xwtec.cn:etonmall_h5:0.0.1 @ F:\Learning\Java\xwtec\o2opay-web\etonmall_h5\pom.xml.
2018-04-17 14:17:07,251 [Worker-8] WARN  o.e.m.c.i.embedder.EclipseLogger - The POM for com.alibaba:druid:jar:1.0.25 is invalid, transitive dependencies (if any) will not be available, enable debug logging for more details
2018-04-17 14:17:07,293 [Worker-8] WARN  o.e.m.c.i.embedder.EclipseLogger - The POM for com.alibaba:dubbo:jar:2.8.4 is missing, no dependency information available
2018-04-17 14:17:13,585 [Worker-8] INFO  o.e.m.j.i.AbstractJavaProjectConfigurator - Adding source folder /etonmall_h5/src/main/java
2018-04-17 14:17:13,586 [Worker-8] INFO  o.e.m.j.i.AbstractJavaProjectConfigurator - Resources folder /etonmall_h5/src/main/java overlaps with sources folder /etonmall_h5/src/main/java
2018-04-17 14:17:13,604 [Worker-8] INFO  o.e.m.j.i.AbstractJavaProjectConfigurator - Adding resource folder /etonmall_h5/src/main/resources
2018-04-17 14:17:13,606 [Worker-8] INFO  o.e.m.j.i.AbstractJavaProjectConfigurator - Adding source folder /etonmall_h5/src/test/java
2018-04-17 14:17:41,728 [Worker-8] WARN  o.e.m.c.i.embedder.EclipseLogger - The POM for com.alibaba:druid:jar:1.0.25 is invalid, transitive dependencies (if any) will not be available, enable debug logging for more details
2018-04-17 14:17:42,221 [Worker-8] WARN  o.e.m.c.i.embedder.EclipseLogger - The POM for com.alibaba:dubbo:jar:2.8.4 is missing, no dependency information available
2018-04-17 14:17:48,047 [Worker-8] INFO  o.e.m.c.i.p.ProjectConfigurationManager - Imported and configured 1 project(s) in 43 sec
2018-04-17 14:18:13,310 [Worker-17] WARN  o.e.m.c.i.embedder.EclipseLogger - The POM for com.alibaba:druid:jar:1.0.25 is invalid, transitive dependencies (if any) will not be available, enable debug logging for more details
2018-04-17 14:18:13,315 [Worker-17] WARN  o.e.m.c.i.embedder.EclipseLogger - The POM for com.alibaba:dubbo:jar:2.8.4 is missing, no dependency information available
2018-04-17 14:18:15,205 [Worker-17] WARN  o.e.m.c.i.embedder.EclipseLogger - Using platform encoding (GBK actually) to copy filtered resources, i.e. build is platform dependent!
2018-04-17 14:18:15,264 [Worker-17] INFO  o.e.m.c.i.embedder.EclipseLogger - Copying 15 resources
2018-04-17 14:18:15,495 [Worker-17] INFO  o.e.m.c.i.embedder.EclipseLogger - Copying 17 resources
2018-04-17 14:18:15,577 [Worker-17] WARN  o.e.m.c.i.embedder.EclipseLogger - Using platform encoding (GBK actually) to copy filtered resources, i.e. build is platform dependent!
2018-04-17 14:18:15,578 [Worker-17] INFO  o.e.m.c.i.embedder.EclipseLogger - skip non existing resourceDirectory F:\Learning\Java\xwtec\o2opay-web\etonmall_h5\src\test\resources
2018-04-17 14:20:56,027 [Worker-20] WARN  o.e.m.c.i.embedder.EclipseLogger - Using platform encoding (GBK actually) to copy filtered resources, i.e. build is platform dependent!
2018-04-17 14:20:56,033 [Worker-20] INFO  o.e.m.c.i.embedder.EclipseLogger - Copying 1 resource
2018-04-17 14:20:56,036 [Worker-20] INFO  o.e.m.c.i.embedder.EclipseLogger - Copying 0 resource
2018-04-17 14:20:56,038 [Worker-20] WARN  o.e.m.c.i.embedder.EclipseLogger - Using platform encoding (GBK actually) to copy filtered resources, i.e. build is platform dependent!
2018-04-17 14:20:56,039 [Worker-20] INFO  o.e.m.c.i.embedder.EclipseLogger - skip non existing resourceDirectory F:\Learning\Java\xwtec\o2opay-web\etonmall_h5\src\test\resources
2018-04-17 14:21:36,841 [Worker-19] INFO  o.e.m.c.i.l.LifecycleMappingFactory - Using org.maven.ide.eclipse.wtp.WarLifecycleMapping lifecycle mapping for MavenProject: com.xwtec.cn:etonmall_h5:0.0.1 @ F:\Learning\Java\xwtec\o2opay-web\etonmall_h5\pom.xml.
2018-04-17 14:21:36,986 [Worker-19] WARN  o.e.m.c.i.embedder.EclipseLogger - The POM for com.alibaba:druid:jar:1.0.25 is invalid, transitive dependencies (if any) will not be available, enable debug logging for more details
2018-04-17 14:21:36,991 [Worker-19] WARN  o.e.m.c.i.embedder.EclipseLogger - The POM for com.alibaba:dubbo:jar:2.8.4 is missing, no dependency information available
2018-04-17 14:21:37,883 [Worker-19] WARN  o.e.m.c.i.embedder.EclipseLogger - The POM for com.alibaba:druid:jar:1.0.25 is invalid, transitive dependencies (if any) will not be available, enable debug logging for more details
2018-04-17 14:21:37,885 [Worker-19] WARN  o.e.m.c.i.embedder.EclipseLogger - The POM for com.alibaba:dubbo:jar:2.8.4 is missing, no dependency information available
2018-04-17 14:21:40,038 [Worker-19] WARN  o.e.m.c.i.embedder.EclipseLogger - Using platform encoding (GBK actually) to copy filtered resources, i.e. build is platform dependent!
2018-04-17 14:21:40,040 [Worker-19] INFO  o.e.m.c.i.embedder.EclipseLogger - Copying 0 resource
2018-04-17 14:21:40,040 [Worker-19] INFO  o.e.m.c.i.embedder.EclipseLogger - Copying 0 resource
2018-04-17 14:21:40,042 [Worker-19] WARN  o.e.m.c.i.embedder.EclipseLogger - Using platform encoding (GBK actually) to copy filtered resources, i.e. build is platform dependent!
2018-04-17 14:21:40,043 [Worker-19] INFO  o.e.m.c.i.embedder.EclipseLogger - skip non existing resourceDirectory F:\Learning\Java\xwtec\o2opay-web\etonmall_h5\src\test\resources
2018-04-17 14:21:40,043 [Worker-19] INFO  o.e.m.w.i.f.ResourceFilteringBuildParticipant - Changed resources require a complete clean of filtered resources of etonmall_h5
2018-04-17 14:21:40,044 [Worker-19] INFO  o.e.m.w.i.f.ResourceFilteringBuildParticipant - Executing resource filtering for etonmall_h5
2018-04-17 14:21:40,051 [Worker-19] WARN  o.e.m.c.i.embedder.EclipseLogger - Using platform encoding (GBK actually) to copy filtered resources, i.e. build is platform dependent!
2018-04-17 14:21:44,961 [Worker-20] INFO  o.e.m.c.i.p.ProjectConfigurationManager - Update started
2018-04-17 14:21:46,057 [Worker-20] INFO  o.e.m.c.i.l.LifecycleMappingFactory - Using org.maven.ide.eclipse.wtp.WarLifecycleMapping lifecycle mapping for MavenProject: com.xwtec.cn:etonmall_h5:0.0.1 @ F:\Learning\Java\xwtec\o2opay-web\etonmall_h5\pom.xml.
2018-04-17 14:21:46,256 [Worker-20] WARN  o.e.m.c.i.embedder.EclipseLogger - The POM for com.alibaba:druid:jar:1.0.25 is invalid, transitive dependencies (if any) will not be available, enable debug logging for more details
2018-04-17 14:21:46,265 [Worker-20] WARN  o.e.m.c.i.embedder.EclipseLogger - The POM for com.alibaba:dubbo:jar:2.8.4 is missing, no dependency information available
2018-04-17 14:21:47,692 [Worker-20] WARN  o.e.m.c.i.embedder.EclipseLogger - The POM for com.alibaba:druid:jar:1.0.25 is invalid, transitive dependencies (if any) will not be available, enable debug logging for more details
2018-04-17 14:21:47,700 [Worker-20] WARN  o.e.m.c.i.embedder.EclipseLogger - The POM for com.alibaba:dubbo:jar:2.8.4 is missing, no dependency information available
2018-04-17 14:21:49,296 [Worker-20] INFO  o.e.m.j.i.AbstractJavaProjectConfigurator - Adding source folder /etonmall_h5/src/main/java
2018-04-17 14:21:49,297 [Worker-20] INFO  o.e.m.j.i.AbstractJavaProjectConfigurator - Resources folder /etonmall_h5/src/main/java overlaps with sources folder /etonmall_h5/src/main/java
2018-04-17 14:21:49,301 [Worker-20] INFO  o.e.m.j.i.AbstractJavaProjectConfigurator - Adding resource folder /etonmall_h5/src/main/resources
2018-04-17 14:21:49,302 [Worker-20] INFO  o.e.m.j.i.AbstractJavaProjectConfigurator - Adding source folder /etonmall_h5/src/test/java
2018-04-17 14:21:50,646 [Worker-20] WARN  o.e.m.c.i.embedder.EclipseLogger - The POM for com.alibaba:druid:jar:1.0.25 is invalid, transitive dependencies (if any) will not be available, enable debug logging for more details
2018-04-17 14:21:50,648 [Worker-20] WARN  o.e.m.c.i.embedder.EclipseLogger - The POM for com.alibaba:dubbo:jar:2.8.4 is missing, no dependency information available
2018-04-17 14:21:53,402 [Worker-20] INFO  o.e.m.w.i.f.ResourceFilteringBuildParticipant - Cleaning filtered folder for etonmall_h5
2018-04-17 14:21:53,420 [Worker-20] INFO  o.e.m.c.i.p.ProjectConfigurationManager - Update completed: 8 sec
2018-04-17 14:21:57,662 [Worker-22] WARN  o.e.m.c.i.embedder.EclipseLogger - The POM for com.alibaba:druid:jar:1.0.25 is invalid, transitive dependencies (if any) will not be available, enable debug logging for more details
2018-04-17 14:21:57,667 [Worker-22] WARN  o.e.m.c.i.embedder.EclipseLogger - The POM for com.alibaba:dubbo:jar:2.8.4 is missing, no dependency information available
2018-04-17 14:21:58,299 [Worker-22] WARN  o.e.m.c.i.embedder.EclipseLogger - Using platform encoding (GBK actually) to copy filtered resources, i.e. build is platform dependent!
2018-04-17 14:21:58,305 [Worker-22] INFO  o.e.m.c.i.embedder.EclipseLogger - Copying 15 resources
2018-04-17 14:21:58,364 [Worker-22] INFO  o.e.m.c.i.embedder.EclipseLogger - Copying 17 resources
2018-04-17 14:21:58,394 [Worker-22] WARN  o.e.m.c.i.embedder.EclipseLogger - Using platform encoding (GBK actually) to copy filtered resources, i.e. build is platform dependent!
2018-04-17 14:21:58,394 [Worker-22] INFO  o.e.m.c.i.embedder.EclipseLogger - skip non existing resourceDirectory F:\Learning\Java\xwtec\o2opay-web\etonmall_h5\src\test\resources
2018-04-17 14:21:58,395 [Worker-22] INFO  o.e.m.w.i.f.ResourceFilteringBuildParticipant - Changed resources require a complete clean of filtered resources of etonmall_h5
2018-04-17 14:21:58,395 [Worker-22] INFO  o.e.m.w.i.f.ResourceFilteringBuildParticipant - Executing resource filtering for etonmall_h5
2018-04-17 14:21:58,410 [Worker-22] WARN  o.e.m.c.i.embedder.EclipseLogger - Using platform encoding (GBK actually) to copy filtered resources, i.e. build is platform dependent!
2018-04-17 14:26:16,803 [Worker-13] WARN  o.e.m.c.i.embedder.EclipseLogger - Using platform encoding (GBK actually) to copy filtered resources, i.e. build is platform dependent!
2018-04-17 14:26:16,840 [Worker-13] INFO  o.e.m.c.i.embedder.EclipseLogger - Copying 15 resources
2018-04-17 14:26:16,879 [Worker-13] INFO  o.e.m.c.i.embedder.EclipseLogger - Copying 17 resources
2018-04-17 14:26:16,908 [Worker-13] WARN  o.e.m.c.i.embedder.EclipseLogger - Using platform encoding (GBK actually) to copy filtered resources, i.e. build is platform dependent!
2018-04-17 14:26:16,909 [Worker-13] INFO  o.e.m.c.i.embedder.EclipseLogger - skip non existing resourceDirectory F:\Learning\Java\xwtec\o2opay-web\etonmall_h5\src\test\resources
2018-04-17 14:27:42,736 [Worker-25] WARN  o.e.m.c.i.embedder.EclipseLogger - Using platform encoding (GBK actually) to copy filtered resources, i.e. build is platform dependent!
2018-04-17 14:27:42,766 [Worker-25] INFO  o.e.m.c.i.embedder.EclipseLogger - Copying 15 resources
2018-04-17 14:27:42,775 [Worker-25] INFO  o.e.m.c.i.embedder.EclipseLogger - Copying 17 resources
2018-04-17 14:27:42,781 [Worker-25] WARN  o.e.m.c.i.embedder.EclipseLogger - Using platform encoding (GBK actually) to copy filtered resources, i.e. build is platform dependent!
2018-04-17 14:27:42,782 [Worker-25] INFO  o.e.m.c.i.embedder.EclipseLogger - skip non existing resourceDirectory F:\Learning\Java\xwtec\o2opay-web\etonmall_h5\src\test\resources
2018-04-17 14:31:45,554 [Worker-20] WARN  o.e.m.c.i.embedder.EclipseLogger - Using platform encoding (GBK actually) to copy filtered resources, i.e. build is platform dependent!
2018-04-17 14:31:45,555 [Worker-20] INFO  o.e.m.c.i.embedder.EclipseLogger - Copying 0 resource
2018-04-17 14:31:45,556 [Worker-20] INFO  o.e.m.c.i.embedder.EclipseLogger - Copying 17 resources
2018-04-17 14:31:45,561 [Worker-20] WARN  o.e.m.c.i.embedder.EclipseLogger - Using platform encoding (GBK actually) to copy filtered resources, i.e. build is platform dependent!
2018-04-17 14:31:45,562 [Worker-20] INFO  o.e.m.c.i.embedder.EclipseLogger - skip non existing resourceDirectory F:\Learning\Java\xwtec\o2opay-web\etonmall_h5\src\test\resources
2018-04-17 14:40:58,254 [Worker-3] INFO  c.g.t.t.d.PublishedGradleVersions - Gradle version information cache is up-to-date. Trying to read.
2018-04-17 14:41:17,976 [Worker-2] WARN  o.e.m.c.i.embedder.EclipseLogger - The POM for com.alibaba:druid:jar:1.0.25 is invalid, transitive dependencies (if any) will not be available, enable debug logging for more details
2018-04-17 14:41:18,001 [Worker-2] WARN  o.e.m.c.i.embedder.EclipseLogger - The POM for com.alibaba:dubbo:jar:2.8.4 is missing, no dependency information available
2018-04-17 14:41:19,847 [Worker-2] WARN  o.e.m.c.i.embedder.EclipseLogger - Using platform encoding (GBK actually) to copy filtered resources, i.e. build is platform dependent!
2018-04-17 14:41:19,859 [Worker-2] INFO  o.e.m.c.i.embedder.EclipseLogger - Copying 15 resources
2018-04-17 14:41:19,920 [Worker-2] INFO  o.e.m.c.i.embedder.EclipseLogger - Copying 17 resources
2018-04-17 14:41:19,949 [Worker-2] WARN  o.e.m.c.i.embedder.EclipseLogger - Using platform encoding (GBK actually) to copy filtered resources, i.e. build is platform dependent!
2018-04-17 14:41:19,950 [Worker-2] INFO  o.e.m.c.i.embedder.EclipseLogger - skip non existing resourceDirectory F:\Learning\Java\xwtec\o2opay-web\etonmall_h5\src\test\resources
2018-04-17 14:44:31,055 [Worker-0] INFO  c.g.t.t.d.PublishedGradleVersions - Gradle version information cache is up-to-date. Trying to read.
2018-04-17 14:48:23,892 [Worker-8] INFO  o.e.m.c.i.l.LifecycleMappingFactory - Using org.maven.ide.eclipse.wtp.WarLifecycleMapping lifecycle mapping for MavenProject: com.bdqn:sl:0.0.1-SNAPSHOT @ F:\Learning\Java\SpringBoot\sl\pom.xml.
2018-04-17 14:48:25,032 [Worker-8] WARN  o.e.m.c.i.embedder.EclipseLogger - The artifact org.apache.commons:commons-io:jar:1.3.2 has been relocated to commons-io:commons-io:jar:1.3.2
2018-04-17 14:48:25,223 [Worker-8] WARN  o.e.m.c.i.embedder.EclipseLogger - Failed to retrieve plugin descriptor for org.apache.maven.plugins:maven-help-plugin:2.2: Plugin org.apache.maven.plugins:maven-help-plugin:2.2 or one of its dependencies could not be resolved: Failed to read artifact descriptor for org.apache.maven.plugins:maven-help-plugin:jar:2.2
2018-04-17 14:48:25,229 [Worker-8] WARN  o.e.m.c.i.embedder.EclipseLogger - Failed to retrieve plugin descriptor for org.codehaus.mojo:xml-maven-plugin:1.0: Plugin org.codehaus.mojo:xml-maven-plugin:1.0 or one of its dependencies could not be resolved: Failed to read artifact descriptor for org.codehaus.mojo:xml-maven-plugin:jar:1.0
2018-04-17 14:48:25,240 [Worker-8] WARN  o.e.m.c.i.embedder.EclipseLogger - Failed to retrieve plugin descriptor for org.codehaus.mojo:build-helper-maven-plugin:1.10: Plugin org.codehaus.mojo:build-helper-maven-plugin:1.10 or one of its dependencies could not be resolved: Failed to read artifact descriptor for org.codehaus.mojo:build-helper-maven-plugin:jar:1.10
2018-04-17 14:48:25,246 [Worker-8] WARN  o.e.m.c.i.embedder.EclipseLogger - Failed to retrieve plugin descriptor for org.apache.maven.plugins:maven-clean-plugin:2.6.1: Plugin org.apache.maven.plugins:maven-clean-plugin:2.6.1 or one of its dependencies could not be resolved: Failed to read artifact descriptor for org.apache.maven.plugins:maven-clean-plugin:jar:2.6.1
2018-04-17 14:48:25,408 [Worker-8] WARN  o.e.m.c.i.embedder.EclipseLogger - Failed to retrieve plugin descriptor for org.apache.maven.plugins:maven-help-plugin:2.2: Plugin org.apache.maven.plugins:maven-help-plugin:2.2 or one of its dependencies could not be resolved: Failed to read artifact descriptor for org.apache.maven.plugins:maven-help-plugin:jar:2.2
2018-04-17 14:48:25,411 [Worker-8] WARN  o.e.m.c.i.embedder.EclipseLogger - Failed to retrieve plugin descriptor for org.codehaus.mojo:xml-maven-plugin:1.0: Plugin org.codehaus.mojo:xml-maven-plugin:1.0 or one of its dependencies could not be resolved: Failed to read artifact descriptor for org.codehaus.mojo:xml-maven-plugin:jar:1.0
2018-04-17 14:48:25,414 [Worker-8] WARN  o.e.m.c.i.embedder.EclipseLogger - Failed to retrieve plugin descriptor for org.codehaus.mojo:build-helper-maven-plugin:1.10: Plugin org.codehaus.mojo:build-helper-maven-plugin:1.10 or one of its dependencies could not be resolved: Failed to read artifact descriptor for org.codehaus.mojo:build-helper-maven-plugin:jar:1.10
2018-04-17 14:48:25,417 [Worker-8] WARN  o.e.m.c.i.embedder.EclipseLogger - Failed to retrieve plugin descriptor for org.apache.maven.plugins:maven-clean-plugin:2.6.1: Plugin org.apache.maven.plugins:maven-clean-plugin:2.6.1 or one of its dependencies could not be resolved: Failed to read artifact descriptor for org.apache.maven.plugins:maven-clean-plugin:jar:2.6.1
2018-04-17 14:48:26,203 [Worker-8] WARN  o.e.m.c.i.embedder.EclipseLogger - The artifact org.apache.commons:commons-io:jar:1.3.2 has been relocated to commons-io:commons-io:jar:1.3.2
2018-04-17 14:48:29,154 [Worker-8] INFO  o.e.m.j.i.AbstractJavaProjectConfigurator - Adding source folder /sl/src/main/java
2018-04-17 14:48:29,155 [Worker-8] INFO  o.e.m.j.i.AbstractJavaProjectConfigurator - Adding resource folder /sl/src/main/resources
2018-04-17 14:48:29,155 [Worker-8] INFO  o.e.m.j.i.AbstractJavaProjectConfigurator - Adding resource folder /sl/src/main/resources
2018-04-17 14:48:29,156 [Worker-8] INFO  o.e.m.j.i.AbstractJavaProjectConfigurator - Adding source folder /sl/src/test/java
2018-04-17 14:48:34,995 [Worker-8] WARN  o.e.m.c.i.embedder.EclipseLogger - Failed to retrieve plugin descriptor for org.apache.maven.plugins:maven-help-plugin:2.2: Plugin org.apache.maven.plugins:maven-help-plugin:2.2 or one of its dependencies could not be resolved: Failed to read artifact descriptor for org.apache.maven.plugins:maven-help-plugin:jar:2.2
2018-04-17 14:48:35,015 [Worker-8] WARN  o.e.m.c.i.embedder.EclipseLogger - Failed to retrieve plugin descriptor for org.codehaus.mojo:xml-maven-plugin:1.0: Plugin org.codehaus.mojo:xml-maven-plugin:1.0 or one of its dependencies could not be resolved: Failed to read artifact descriptor for org.codehaus.mojo:xml-maven-plugin:jar:1.0
2018-04-17 14:48:35,021 [Worker-8] WARN  o.e.m.c.i.embedder.EclipseLogger - Failed to retrieve plugin descriptor for org.codehaus.mojo:build-helper-maven-plugin:1.10: Plugin org.codehaus.mojo:build-helper-maven-plugin:1.10 or one of its dependencies could not be resolved: Failed to read artifact descriptor for org.codehaus.mojo:build-helper-maven-plugin:jar:1.10
2018-04-17 14:48:35,028 [Worker-8] WARN  o.e.m.c.i.embedder.EclipseLogger - Failed to retrieve plugin descriptor for org.apache.maven.plugins:maven-clean-plugin:2.6.1: Plugin org.apache.maven.plugins:maven-clean-plugin:2.6.1 or one of its dependencies could not be resolved: Failed to read artifact descriptor for org.apache.maven.plugins:maven-clean-plugin:jar:2.6.1
2018-04-17 14:48:35,032 [Worker-8] WARN  o.e.m.c.i.embedder.EclipseLogger - Failed to retrieve plugin descriptor for org.apache.maven.plugins:maven-help-plugin:2.2: Plugin org.apache.maven.plugins:maven-help-plugin:2.2 or one of its dependencies could not be resolved: Failed to read artifact descriptor for org.apache.maven.plugins:maven-help-plugin:jar:2.2
2018-04-17 14:48:35,035 [Worker-8] WARN  o.e.m.c.i.embedder.EclipseLogger - Failed to retrieve plugin descriptor for org.codehaus.mojo:xml-maven-plugin:1.0: Plugin org.codehaus.mojo:xml-maven-plugin:1.0 or one of its dependencies could not be resolved: Failed to read artifact descriptor for org.codehaus.mojo:xml-maven-plugin:jar:1.0
2018-04-17 14:48:35,039 [Worker-8] WARN  o.e.m.c.i.embedder.EclipseLogger - Failed to retrieve plugin descriptor for org.codehaus.mojo:build-helper-maven-plugin:1.10: Plugin org.codehaus.mojo:build-helper-maven-plugin:1.10 or one of its dependencies could not be resolved: Failed to read artifact descriptor for org.codehaus.mojo:build-helper-maven-plugin:jar:1.10
2018-04-17 14:48:35,042 [Worker-8] WARN  o.e.m.c.i.embedder.EclipseLogger - Failed to retrieve plugin descriptor for org.apache.maven.plugins:maven-clean-plugin:2.6.1: Plugin org.apache.maven.plugins:maven-clean-plugin:2.6.1 or one of its dependencies could not be resolved: Failed to read artifact descriptor for org.apache.maven.plugins:maven-clean-plugin:jar:2.6.1
2018-04-17 14:48:36,483 [Worker-8] WARN  o.e.m.c.i.embedder.EclipseLogger - The artifact org.apache.commons:commons-io:jar:1.3.2 has been relocated to commons-io:commons-io:jar:1.3.2
2018-04-17 14:48:36,748 [Worker-8] INFO  o.e.m.c.i.p.ProjectConfigurationManager - Imported and configured 1 project(s) in 15 sec
2018-04-17 14:48:43,144 [Worker-0] WARN  o.e.m.c.i.embedder.EclipseLogger - The artifact org.apache.commons:commons-io:jar:1.3.2 has been relocated to commons-io:commons-io:jar:1.3.2
2018-04-17 14:48:43,243 [Worker-0] INFO  o.e.m.c.i.embedder.EclipseLogger - Using 'UTF-8' encoding to copy filtered resources.
2018-04-17 14:48:43,248 [Worker-0] INFO  o.e.m.c.i.embedder.EclipseLogger - Copying 1 resource
2018-04-17 14:48:43,265 [Worker-0] INFO  o.e.m.c.i.embedder.EclipseLogger - Copying 0 resource
2018-04-17 14:48:43,269 [Worker-0] INFO  o.e.m.c.i.embedder.EclipseLogger - Using 'UTF-8' encoding to copy filtered resources.
2018-04-17 14:48:43,270 [Worker-0] INFO  o.e.m.c.i.embedder.EclipseLogger - skip non existing resourceDirectory F:\Learning\Java\SpringBoot\sl\src\test\resources
2018-04-17 14:49:26,017 [Worker-6] WARN  o.e.m.c.i.embedder.EclipseLogger - The POM for com.alibaba:druid:jar:1.0.25 is invalid, transitive dependencies (if any) will not be available, enable debug logging for more details
2018-04-17 14:49:26,027 [Worker-6] WARN  o.e.m.c.i.embedder.EclipseLogger - The POM for com.alibaba:dubbo:jar:2.8.4 is missing, no dependency information available
2018-04-17 14:49:27,475 [Worker-6] WARN  o.e.m.c.i.embedder.EclipseLogger - Using platform encoding (GBK actually) to copy filtered resources, i.e. build is platform dependent!
2018-04-17 14:49:27,480 [Worker-6] INFO  o.e.m.c.i.embedder.EclipseLogger - Copying 15 resources
2018-04-17 14:49:27,489 [Worker-6] INFO  o.e.m.c.i.embedder.EclipseLogger - Copying 17 resources
2018-04-17 14:49:27,495 [Worker-6] WARN  o.e.m.c.i.embedder.EclipseLogger - Using platform encoding (GBK actually) to copy filtered resources, i.e. build is platform dependent!
2018-04-17 14:49:27,496 [Worker-6] INFO  o.e.m.c.i.embedder.EclipseLogger - skip non existing resourceDirectory F:\Learning\Java\xwtec\o2opay-web\etonmall_h5\src\test\resources
2018-04-17 14:53:52,896 [Worker-6] WARN  o.e.m.c.i.embedder.EclipseLogger - Using platform encoding (GBK actually) to copy filtered resources, i.e. build is platform dependent!
2018-04-17 14:53:52,929 [Worker-6] INFO  o.e.m.c.i.embedder.EclipseLogger - Copying 15 resources
2018-04-17 14:53:52,935 [Worker-6] INFO  o.e.m.c.i.embedder.EclipseLogger - Copying 17 resources
2018-04-17 14:53:52,942 [Worker-6] WARN  o.e.m.c.i.embedder.EclipseLogger - Using platform encoding (GBK actually) to copy filtered resources, i.e. build is platform dependent!
2018-04-17 14:53:52,943 [Worker-6] INFO  o.e.m.c.i.embedder.EclipseLogger - skip non existing resourceDirectory F:\Learning\Java\xwtec\o2opay-web\etonmall_h5\src\test\resources
2018-04-17 14:53:56,361 [Worker-0] WARN  o.e.m.c.i.embedder.EclipseLogger - Using platform encoding (GBK actually) to copy filtered resources, i.e. build is platform dependent!
2018-04-17 14:53:56,389 [Worker-0] INFO  o.e.m.c.i.embedder.EclipseLogger - Copying 15 resources
2018-04-17 14:53:56,393 [Worker-0] INFO  o.e.m.c.i.embedder.EclipseLogger - Copying 17 resources
2018-04-17 14:53:56,398 [Worker-0] WARN  o.e.m.c.i.embedder.EclipseLogger - Using platform encoding (GBK actually) to copy filtered resources, i.e. build is platform dependent!
2018-04-17 14:53:56,399 [Worker-0] INFO  o.e.m.c.i.embedder.EclipseLogger - skip non existing resourceDirectory F:\Learning\Java\xwtec\o2opay-web\etonmall_h5\src\test\resources
2018-04-17 14:54:01,399 [Worker-5] WARN  o.e.m.c.i.embedder.EclipseLogger - Using platform encoding (GBK actually) to copy filtered resources, i.e. build is platform dependent!
2018-04-17 14:54:01,433 [Worker-5] INFO  o.e.m.c.i.embedder.EclipseLogger - Copying 15 resources
2018-04-17 14:54:01,438 [Worker-5] INFO  o.e.m.c.i.embedder.EclipseLogger - Copying 17 resources
2018-04-17 14:54:01,443 [Worker-5] WARN  o.e.m.c.i.embedder.EclipseLogger - Using platform encoding (GBK actually) to copy filtered resources, i.e. build is platform dependent!
2018-04-17 14:54:01,444 [Worker-5] INFO  o.e.m.c.i.embedder.EclipseLogger - skip non existing resourceDirectory F:\Learning\Java\xwtec\o2opay-web\etonmall_h5\src\test\resources
2018-04-17 14:54:04,142 [Worker-0] WARN  o.e.m.c.i.embedder.EclipseLogger - Using platform encoding (GBK actually) to copy filtered resources, i.e. build is platform dependent!
2018-04-17 14:54:04,164 [Worker-0] INFO  o.e.m.c.i.embedder.EclipseLogger - Copying 15 resources
2018-04-17 14:54:04,168 [Worker-0] INFO  o.e.m.c.i.embedder.EclipseLogger - Copying 17 resources
2018-04-17 14:54:04,174 [Worker-0] WARN  o.e.m.c.i.embedder.EclipseLogger - Using platform encoding (GBK actually) to copy filtered resources, i.e. build is platform dependent!
2018-04-17 14:54:04,175 [Worker-0] INFO  o.e.m.c.i.embedder.EclipseLogger - skip non existing resourceDirectory F:\Learning\Java\xwtec\o2opay-web\etonmall_h5\src\test\resources
2018-04-17 14:54:06,396 [Worker-6] WARN  o.e.m.c.i.embedder.EclipseLogger - Using platform encoding (GBK actually) to copy filtered resources, i.e. build is platform dependent!
2018-04-17 14:54:06,419 [Worker-6] INFO  o.e.m.c.i.embedder.EclipseLogger - Copying 15 resources
2018-04-17 14:54:06,423 [Worker-6] INFO  o.e.m.c.i.embedder.EclipseLogger - Copying 17 resources
2018-04-17 14:54:06,427 [Worker-6] WARN  o.e.m.c.i.embedder.EclipseLogger - Using platform encoding (GBK actually) to copy filtered resources, i.e. build is platform dependent!
2018-04-17 14:54:06,428 [Worker-6] INFO  o.e.m.c.i.embedder.EclipseLogger - skip non existing resourceDirectory F:\Learning\Java\xwtec\o2opay-web\etonmall_h5\src\test\resources
2018-04-17 15:04:59,957 [Worker-7] INFO  o.e.m.c.i.l.LifecycleMappingFactory - Using org.maven.ide.eclipse.wtp.WarLifecycleMapping lifecycle mapping for MavenProject: com.xwtec.cn:etonmall_h5:0.0.1 @ F:\Learning\Java\xwtec\o2opay-web\etonmall_h5\pom.xml.
2018-04-17 15:05:00,073 [Worker-7] WARN  o.e.m.c.i.embedder.EclipseLogger - The POM for com.alibaba:druid:jar:1.0.25 is invalid, transitive dependencies (if any) will not be available, enable debug logging for more details
2018-04-17 15:05:00,077 [Worker-7] WARN  o.e.m.c.i.embedder.EclipseLogger - The POM for com.alibaba:dubbo:jar:2.8.4 is missing, no dependency information available
2018-04-17 15:05:00,826 [Worker-7] WARN  o.e.m.c.i.embedder.EclipseLogger - The POM for com.alibaba:druid:jar:1.0.25 is invalid, transitive dependencies (if any) will not be available, enable debug logging for more details
2018-04-17 15:05:00,830 [Worker-7] WARN  o.e.m.c.i.embedder.EclipseLogger - The POM for com.alibaba:dubbo:jar:2.8.4 is missing, no dependency information available
2018-04-17 15:05:03,021 [Worker-7] WARN  o.e.m.c.i.embedder.EclipseLogger - Using platform encoding (GBK actually) to copy filtered resources, i.e. build is platform dependent!
2018-04-17 15:05:03,023 [Worker-7] INFO  o.e.m.c.i.embedder.EclipseLogger - Copying 0 resource
2018-04-17 15:05:03,023 [Worker-7] INFO  o.e.m.c.i.embedder.EclipseLogger - Copying 0 resource
2018-04-17 15:05:03,026 [Worker-7] WARN  o.e.m.c.i.embedder.EclipseLogger - Using platform encoding (GBK actually) to copy filtered resources, i.e. build is platform dependent!
2018-04-17 15:05:03,027 [Worker-7] INFO  o.e.m.c.i.embedder.EclipseLogger - skip non existing resourceDirectory F:\Learning\Java\xwtec\o2opay-web\etonmall_h5\src\test\resources
2018-04-17 15:05:03,030 [Worker-7] INFO  o.e.m.w.i.f.ResourceFilteringBuildParticipant - Changed resources require a complete clean of filtered resources of etonmall_h5
2018-04-17 15:05:03,030 [Worker-7] INFO  o.e.m.w.i.f.ResourceFilteringBuildParticipant - Executing resource filtering for etonmall_h5
2018-04-17 15:05:03,039 [Worker-7] WARN  o.e.m.c.i.embedder.EclipseLogger - Using platform encoding (GBK actually) to copy filtered resources, i.e. build is platform dependent!
2018-04-17 15:06:47,826 [Worker-15] INFO  o.e.m.c.i.p.ProjectConfigurationManager - Update started
2018-04-17 15:06:48,620 [Worker-15] INFO  o.e.m.c.i.l.LifecycleMappingFactory - Using org.maven.ide.eclipse.wtp.WarLifecycleMapping lifecycle mapping for MavenProject: com.xwtec.cn:etonmall_h5:0.0.1 @ F:\Learning\Java\xwtec\o2opay-web\etonmall_h5\pom.xml.
2018-04-17 15:06:48,754 [Worker-15] WARN  o.e.m.c.i.embedder.EclipseLogger - The POM for com.alibaba:druid:jar:1.0.25 is invalid, transitive dependencies (if any) will not be available, enable debug logging for more details
2018-04-17 15:06:48,759 [Worker-15] WARN  o.e.m.c.i.embedder.EclipseLogger - The POM for com.alibaba:dubbo:jar:2.8.4 is missing, no dependency information available
2018-04-17 15:06:49,400 [Worker-15] WARN  o.e.m.c.i.embedder.EclipseLogger - The POM for com.alibaba:druid:jar:1.0.25 is invalid, transitive dependencies (if any) will not be available, enable debug logging for more details
2018-04-17 15:06:49,403 [Worker-15] WARN  o.e.m.c.i.embedder.EclipseLogger - The POM for com.alibaba:dubbo:jar:2.8.4 is missing, no dependency information available
2018-04-17 15:06:50,935 [Worker-15] INFO  o.e.m.j.i.AbstractJavaProjectConfigurator - Adding source folder /etonmall_h5/src/main/java
2018-04-17 15:06:50,935 [Worker-15] INFO  o.e.m.j.i.AbstractJavaProjectConfigurator - Resources folder /etonmall_h5/src/main/java overlaps with sources folder /etonmall_h5/src/main/java
2018-04-17 15:06:50,944 [Worker-15] INFO  o.e.m.j.i.AbstractJavaProjectConfigurator - Adding resource folder /etonmall_h5/src/main/resources
2018-04-17 15:06:50,944 [Worker-15] INFO  o.e.m.j.i.AbstractJavaProjectConfigurator - Adding source folder /etonmall_h5/src/test/java
2018-04-17 15:06:53,947 [Worker-14] WARN  o.e.m.c.i.embedder.EclipseLogger - The POM for com.alibaba:druid:jar:1.0.25 is invalid, transitive dependencies (if any) will not be available, enable debug logging for more details
2018-04-17 15:06:53,952 [Worker-14] WARN  o.e.m.c.i.embedder.EclipseLogger - The POM for com.alibaba:dubbo:jar:2.8.4 is missing, no dependency information available
2018-04-17 15:06:54,578 [Worker-15] WARN  o.e.m.c.i.embedder.EclipseLogger - The POM for com.alibaba:druid:jar:1.0.25 is invalid, transitive dependencies (if any) will not be available, enable debug logging for more details
2018-04-17 15:06:54,582 [Worker-15] WARN  o.e.m.c.i.embedder.EclipseLogger - The POM for com.alibaba:dubbo:jar:2.8.4 is missing, no dependency information available
2018-04-17 15:06:56,410 [Worker-15] INFO  o.e.m.w.i.f.ResourceFilteringBuildParticipant - Cleaning filtered folder for etonmall_h5
2018-04-17 15:06:56,430 [Worker-15] INFO  o.e.m.c.i.p.ProjectConfigurationManager - Update completed: 8 sec
2018-04-17 15:07:03,133 [Worker-19] WARN  o.e.m.c.i.embedder.EclipseLogger - Using platform encoding (GBK actually) to copy filtered resources, i.e. build is platform dependent!
2018-04-17 15:07:03,137 [Worker-19] INFO  o.e.m.c.i.embedder.EclipseLogger - Copying 15 resources
2018-04-17 15:07:03,228 [Worker-19] INFO  o.e.m.c.i.embedder.EclipseLogger - Copying 17 resources
2018-04-17 15:07:03,279 [Worker-19] WARN  o.e.m.c.i.embedder.EclipseLogger - Using platform encoding (GBK actually) to copy filtered resources, i.e. build is platform dependent!
2018-04-17 15:07:03,280 [Worker-19] INFO  o.e.m.c.i.embedder.EclipseLogger - skip non existing resourceDirectory F:\Learning\Java\xwtec\o2opay-web\etonmall_h5\src\test\resources
2018-04-17 15:07:03,280 [Worker-19] INFO  o.e.m.w.i.f.ResourceFilteringBuildParticipant - Changed resources require a complete clean of filtered resources of etonmall_h5
2018-04-17 15:07:03,280 [Worker-19] INFO  o.e.m.w.i.f.ResourceFilteringBuildParticipant - Executing resource filtering for etonmall_h5
2018-04-17 15:07:03,294 [Worker-19] WARN  o.e.m.c.i.embedder.EclipseLogger - Using platform encoding (GBK actually) to copy filtered resources, i.e. build is platform dependent!
2018-04-17 15:07:45,961 [Worker-18] WARN  o.e.m.c.i.embedder.EclipseLogger - Using platform encoding (GBK actually) to copy filtered resources, i.e. build is platform dependent!
2018-04-17 15:07:45,988 [Worker-18] INFO  o.e.m.c.i.embedder.EclipseLogger - Copying 15 resources
2018-04-17 15:07:45,993 [Worker-18] INFO  o.e.m.c.i.embedder.EclipseLogger - Copying 17 resources
2018-04-17 15:07:45,998 [Worker-18] WARN  o.e.m.c.i.embedder.EclipseLogger - Using platform encoding (GBK actually) to copy filtered resources, i.e. build is platform dependent!
2018-04-17 15:07:45,999 [Worker-18] INFO  o.e.m.c.i.embedder.EclipseLogger - skip non existing resourceDirectory F:\Learning\Java\xwtec\o2opay-web\etonmall_h5\src\test\resources
2018-04-17 15:10:53,884 [Worker-4] INFO  c.g.t.t.d.PublishedGradleVersions - Gradle version information cache is up-to-date. Trying to read.
2018-04-17 15:12:17,632 [Worker-6] WARN  o.e.m.c.i.embedder.EclipseLogger - The POM for com.alibaba:druid:jar:1.0.25 is invalid, transitive dependencies (if any) will not be available, enable debug logging for more details
2018-04-17 15:12:17,648 [Worker-6] WARN  o.e.m.c.i.embedder.EclipseLogger - The POM for com.alibaba:dubbo:jar:2.8.4 is missing, no dependency information available
2018-04-17 15:12:19,593 [Worker-6] WARN  o.e.m.c.i.embedder.EclipseLogger - Using platform encoding (GBK actually) to copy filtered resources, i.e. build is platform dependent!
2018-04-17 15:12:19,610 [Worker-6] INFO  o.e.m.c.i.embedder.EclipseLogger - Copying 15 resources
2018-04-17 15:12:19,622 [Worker-6] INFO  o.e.m.c.i.embedder.EclipseLogger - Copying 17 resources
2018-04-17 15:12:19,629 [Worker-6] WARN  o.e.m.c.i.embedder.EclipseLogger - Using platform encoding (GBK actually) to copy filtered resources, i.e. build is platform dependent!
2018-04-17 15:12:19,630 [Worker-6] INFO  o.e.m.c.i.embedder.EclipseLogger - skip non existing resourceDirectory F:\Learning\Java\xwtec\o2opay-web\etonmall_h5\src\test\resources
2018-04-17 15:13:42,234 [Worker-1] WARN  o.e.m.c.i.embedder.EclipseLogger - Using platform encoding (GBK actually) to copy filtered resources, i.e. build is platform dependent!
2018-04-17 15:13:42,275 [Worker-1] INFO  o.e.m.c.i.embedder.EclipseLogger - Copying 15 resources
2018-04-17 15:13:42,281 [Worker-1] INFO  o.e.m.c.i.embedder.EclipseLogger - Copying 17 resources
2018-04-17 15:13:42,287 [Worker-1] WARN  o.e.m.c.i.embedder.EclipseLogger - Using platform encoding (GBK actually) to copy filtered resources, i.e. build is platform dependent!
2018-04-17 15:13:42,289 [Worker-1] INFO  o.e.m.c.i.embedder.EclipseLogger - skip non existing resourceDirectory F:\Learning\Java\xwtec\o2opay-web\etonmall_h5\src\test\resources
2018-04-17 15:24:43,688 [Worker-2] INFO  o.e.m.c.i.l.LifecycleMappingFactory - Using org.maven.ide.eclipse.wtp.WarLifecycleMapping lifecycle mapping for MavenProject: com.xwtec.cn:etonmall_appserver:0.0.1 @ F:\Learning\Java\xwtec\appserver\etonmall_appserver\pom.xml.
2018-04-17 15:24:43,851 [Worker-2] WARN  o.e.m.c.i.embedder.EclipseLogger - The POM for com.alibaba:druid:jar:1.0.25 is invalid, transitive dependencies (if any) will not be available, enable debug logging for more details
2018-04-17 15:24:43,856 [Worker-2] WARN  o.e.m.c.i.embedder.EclipseLogger - The POM for com.alibaba:dubbo:jar:2.8.4 is missing, no dependency information available
2018-04-17 15:24:45,283 [Worker-2] INFO  o.e.m.j.i.AbstractJavaProjectConfigurator - Adding source folder /etonmall_appserver/src/main/java
2018-04-17 15:24:45,284 [Worker-2] INFO  o.e.m.j.i.AbstractJavaProjectConfigurator - Resources folder /etonmall_appserver/src/main/java overlaps with sources folder /etonmall_appserver/src/main/java
2018-04-17 15:24:45,296 [Worker-2] INFO  o.e.m.j.i.AbstractJavaProjectConfigurator - Adding resource folder /etonmall_appserver/src/main/resources
2018-04-17 15:24:45,298 [Worker-2] INFO  o.e.m.j.i.AbstractJavaProjectConfigurator - Adding source folder /etonmall_appserver/src/test/java
2018-04-17 15:24:48,199 [Worker-2] WARN  o.e.m.c.i.embedder.EclipseLogger - The POM for com.alibaba:druid:jar:1.0.25 is invalid, transitive dependencies (if any) will not be available, enable debug logging for more details
2018-04-17 15:24:48,203 [Worker-2] WARN  o.e.m.c.i.embedder.EclipseLogger - The POM for com.alibaba:dubbo:jar:2.8.4 is missing, no dependency information available
2018-04-17 15:24:49,336 [Worker-2] INFO  o.e.m.c.i.p.ProjectConfigurationManager - Imported and configured 1 project(s) in 6 sec
2018-04-17 15:24:50,327 [Worker-2] WARN  o.e.m.c.i.embedder.EclipseLogger - The POM for com.alibaba:druid:jar:1.0.25 is invalid, transitive dependencies (if any) will not be available, enable debug logging for more details
2018-04-17 15:24:50,333 [Worker-2] WARN  o.e.m.c.i.embedder.EclipseLogger - The POM for com.alibaba:dubbo:jar:2.8.4 is missing, no dependency information available
2018-04-17 15:24:51,478 [Worker-2] WARN  o.e.m.c.i.embedder.EclipseLogger - Using platform encoding (GBK actually) to copy filtered resources, i.e. build is platform dependent!
2018-04-17 15:24:51,483 [Worker-2] INFO  o.e.m.c.i.embedder.EclipseLogger - Copying 1 resource
2018-04-17 15:24:51,496 [Worker-2] INFO  o.e.m.c.i.embedder.EclipseLogger - Copying 18 resources
2018-04-17 15:24:51,540 [Worker-2] WARN  o.e.m.c.i.embedder.EclipseLogger - Using platform encoding (GBK actually) to copy filtered resources, i.e. build is platform dependent!
2018-04-17 15:24:51,541 [Worker-2] INFO  o.e.m.c.i.embedder.EclipseLogger - skip non existing resourceDirectory F:\Learning\Java\xwtec\appserver\etonmall_appserver\src\test\resources
2018-04-17 15:26:02,416 [Worker-18] ERROR o.e.m.e.x.i.MarkerLocationService - Error checking for schema
java.lang.NullPointerException: null
	at org.eclipse.m2e.editor.xml.internal.MarkerLocationService.checkForSchema(MarkerLocationService.java:258) [org.eclipse.m2e.editor.xml_1.8.2.20171007-0217.jar:na]
	at org.eclipse.m2e.editor.xml.internal.MarkerLocationService.addEditorHintMarkers(MarkerLocationService.java:240) [org.eclipse.m2e.editor.xml_1.8.2.20171007-0217.jar:na]
	at org.eclipse.m2e.core.internal.markers.MarkerUtils.addEditorHintMarkers(MarkerUtils.java:66) [org.eclipse.m2e.core_1.8.2.20171007-0217.jar:na]
	at org.eclipse.m2e.core.internal.project.registry.ProjectRegistryManager$4.call(ProjectRegistryManager.java:708) [org.eclipse.m2e.core_1.8.2.20171007-0217.jar:na]
	at org.eclipse.m2e.core.internal.project.registry.ProjectRegistryManager$4.call(ProjectRegistryManager.java:1) [org.eclipse.m2e.core_1.8.2.20171007-0217.jar:na]
	at org.eclipse.m2e.core.internal.embedder.MavenExecutionContext.executeBare(MavenExecutionContext.java:177) [org.eclipse.m2e.core_1.8.2.20171007-0217.jar:na]
	at org.eclipse.m2e.core.internal.embedder.MavenExecutionContext.execute(MavenExecutionContext.java:151) [org.eclipse.m2e.core_1.8.2.20171007-0217.jar:na]
	at org.eclipse.m2e.core.internal.embedder.MavenExecutionContext.execute(MavenExecutionContext.java:99) [org.eclipse.m2e.core_1.8.2.20171007-0217.jar:na]
	at org.eclipse.m2e.core.internal.project.registry.ProjectRegistryManager.execute(ProjectRegistryManager.java:967) [org.eclipse.m2e.core_1.8.2.20171007-0217.jar:na]
	at org.eclipse.m2e.core.internal.project.registry.ProjectRegistryManager.readMavenProjectFacade(ProjectRegistryManager.java:699) [org.eclipse.m2e.core_1.8.2.20171007-0217.jar:na]
	at org.eclipse.m2e.core.internal.project.registry.ProjectRegistryManager.refresh(ProjectRegistryManager.java:398) [org.eclipse.m2e.core_1.8.2.20171007-0217.jar:na]
	at org.eclipse.m2e.core.internal.project.registry.ProjectRegistryManager.refresh(ProjectRegistryManager.java:351) [org.eclipse.m2e.core_1.8.2.20171007-0217.jar:na]
	at org.eclipse.m2e.core.internal.project.registry.ProjectRegistryRefreshJob$1$1.call(ProjectRegistryRefreshJob.java:89) [org.eclipse.m2e.core_1.8.2.20171007-0217.jar:na]
	at org.eclipse.m2e.core.internal.project.registry.ProjectRegistryRefreshJob$1$1.call(ProjectRegistryRefreshJob.java:1) [org.eclipse.m2e.core_1.8.2.20171007-0217.jar:na]
	at org.eclipse.m2e.core.internal.embedder.MavenExecutionContext.executeBare(MavenExecutionContext.java:177) [org.eclipse.m2e.core_1.8.2.20171007-0217.jar:na]
	at org.eclipse.m2e.core.internal.embedder.MavenExecutionContext.execute(MavenExecutionContext.java:151) [org.eclipse.m2e.core_1.8.2.20171007-0217.jar:na]
	at org.eclipse.m2e.core.internal.embedder.MavenExecutionContext.execute(MavenExecutionContext.java:99) [org.eclipse.m2e.core_1.8.2.20171007-0217.jar:na]
	at org.eclipse.m2e.core.internal.embedder.MavenImpl.execute(MavenImpl.java:1351) [org.eclipse.m2e.core_1.8.2.20171007-0217.jar:na]
	at org.eclipse.m2e.core.internal.project.registry.ProjectRegistryRefreshJob$1.call(ProjectRegistryRefreshJob.java:87) [org.eclipse.m2e.core_1.8.2.20171007-0217.jar:na]
	at org.eclipse.m2e.core.internal.project.registry.ProjectRegistryRefreshJob$1.call(ProjectRegistryRefreshJob.java:1) [org.eclipse.m2e.core_1.8.2.20171007-0217.jar:na]
	at org.eclipse.m2e.core.internal.embedder.MavenExecutionContext.executeBare(MavenExecutionContext.java:177) [org.eclipse.m2e.core_1.8.2.20171007-0217.jar:na]
	at org.eclipse.m2e.core.internal.embedder.MavenExecutionContext.execute(MavenExecutionContext.java:151) [org.eclipse.m2e.core_1.8.2.20171007-0217.jar:na]
	at org.eclipse.m2e.core.internal.embedder.MavenExecutionContext.execute(MavenExecutionContext.java:99) [org.eclipse.m2e.core_1.8.2.20171007-0217.jar:na]
	at org.eclipse.m2e.core.internal.embedder.MavenImpl.execute(MavenImpl.java:1355) [org.eclipse.m2e.core_1.8.2.20171007-0217.jar:na]
	at org.eclipse.m2e.core.internal.project.registry.ProjectRegistryRefreshJob.run(ProjectRegistryRefreshJob.java:81) [org.eclipse.m2e.core_1.8.2.20171007-0217.jar:na]
	at org.eclipse.core.internal.jobs.Worker.run(Worker.java:56) [org.eclipse.core.jobs_3.9.1.v20170714-0547.jar:na]
2018-04-17 15:26:02,418 [Worker-18] ERROR o.e.m.e.x.i.MarkerLocationService - Error checking for warnings
java.lang.NullPointerException: null
	at org.eclipse.m2e.editor.xml.internal.MarkerLocationService.checkVarious(MarkerLocationService.java:587) [org.eclipse.m2e.editor.xml_1.8.2.20171007-0217.jar:na]
	at org.eclipse.m2e.editor.xml.internal.MarkerLocationService.addEditorHintMarkers(MarkerLocationService.java:241) [org.eclipse.m2e.editor.xml_1.8.2.20171007-0217.jar:na]
	at org.eclipse.m2e.core.internal.markers.MarkerUtils.addEditorHintMarkers(MarkerUtils.java:66) [org.eclipse.m2e.core_1.8.2.20171007-0217.jar:na]
	at org.eclipse.m2e.core.internal.project.registry.ProjectRegistryManager$4.call(ProjectRegistryManager.java:708) [org.eclipse.m2e.core_1.8.2.20171007-0217.jar:na]
	at org.eclipse.m2e.core.internal.project.registry.ProjectRegistryManager$4.call(ProjectRegistryManager.java:1) [org.eclipse.m2e.core_1.8.2.20171007-0217.jar:na]
	at org.eclipse.m2e.core.internal.embedder.MavenExecutionContext.executeBare(MavenExecutionContext.java:177) [org.eclipse.m2e.core_1.8.2.20171007-0217.jar:na]
	at org.eclipse.m2e.core.internal.embedder.MavenExecutionContext.execute(MavenExecutionContext.java:151) [org.eclipse.m2e.core_1.8.2.20171007-0217.jar:na]
	at org.eclipse.m2e.core.internal.embedder.MavenExecutionContext.execute(MavenExecutionContext.java:99) [org.eclipse.m2e.core_1.8.2.20171007-0217.jar:na]
	at org.eclipse.m2e.core.internal.project.registry.ProjectRegistryManager.execute(ProjectRegistryManager.java:967) [org.eclipse.m2e.core_1.8.2.20171007-0217.jar:na]
	at org.eclipse.m2e.core.internal.project.registry.ProjectRegistryManager.readMavenProjectFacade(ProjectRegistryManager.java:699) [org.eclipse.m2e.core_1.8.2.20171007-0217.jar:na]
	at org.eclipse.m2e.core.internal.project.registry.ProjectRegistryManager.refresh(ProjectRegistryManager.java:398) [org.eclipse.m2e.core_1.8.2.20171007-0217.jar:na]
	at org.eclipse.m2e.core.internal.project.registry.ProjectRegistryManager.refresh(ProjectRegistryManager.java:351) [org.eclipse.m2e.core_1.8.2.20171007-0217.jar:na]
	at org.eclipse.m2e.core.internal.project.registry.ProjectRegistryRefreshJob$1$1.call(ProjectRegistryRefreshJob.java:89) [org.eclipse.m2e.core_1.8.2.20171007-0217.jar:na]
	at org.eclipse.m2e.core.internal.project.registry.ProjectRegistryRefreshJob$1$1.call(ProjectRegistryRefreshJob.java:1) [org.eclipse.m2e.core_1.8.2.20171007-0217.jar:na]
	at org.eclipse.m2e.core.internal.embedder.MavenExecutionContext.executeBare(MavenExecutionContext.java:177) [org.eclipse.m2e.core_1.8.2.20171007-0217.jar:na]
	at org.eclipse.m2e.core.internal.embedder.MavenExecutionContext.execute(MavenExecutionContext.java:151) [org.eclipse.m2e.core_1.8.2.20171007-0217.jar:na]
	at org.eclipse.m2e.core.internal.embedder.MavenExecutionContext.execute(MavenExecutionContext.java:99) [org.eclipse.m2e.core_1.8.2.20171007-0217.jar:na]
	at org.eclipse.m2e.core.internal.embedder.MavenImpl.execute(MavenImpl.java:1351) [org.eclipse.m2e.core_1.8.2.20171007-0217.jar:na]
	at org.eclipse.m2e.core.internal.project.registry.ProjectRegistryRefreshJob$1.call(ProjectRegistryRefreshJob.java:87) [org.eclipse.m2e.core_1.8.2.20171007-0217.jar:na]
	at org.eclipse.m2e.core.internal.project.registry.ProjectRegistryRefreshJob$1.call(ProjectRegistryRefreshJob.java:1) [org.eclipse.m2e.core_1.8.2.20171007-0217.jar:na]
	at org.eclipse.m2e.core.internal.embedder.MavenExecutionContext.executeBare(MavenExecutionContext.java:177) [org.eclipse.m2e.core_1.8.2.20171007-0217.jar:na]
	at org.eclipse.m2e.core.internal.embedder.MavenExecutionContext.execute(MavenExecutionContext.java:151) [org.eclipse.m2e.core_1.8.2.20171007-0217.jar:na]
	at org.eclipse.m2e.core.internal.embedder.MavenExecutionContext.execute(MavenExecutionContext.java:99) [org.eclipse.m2e.core_1.8.2.20171007-0217.jar:na]
	at org.eclipse.m2e.core.internal.embedder.MavenImpl.execute(MavenImpl.java:1355) [org.eclipse.m2e.core_1.8.2.20171007-0217.jar:na]
	at org.eclipse.m2e.core.internal.project.registry.ProjectRegistryRefreshJob.run(ProjectRegistryRefreshJob.java:81) [org.eclipse.m2e.core_1.8.2.20171007-0217.jar:na]
	at org.eclipse.core.internal.jobs.Worker.run(Worker.java:56) [org.eclipse.core.jobs_3.9.1.v20170714-0547.jar:na]
